Notice: Output directory `docs/' does not exist. I have created it for you.
Searching for include files...
Searching for example files...
Searching for images...
Searching for dot files...
Searching for msc files...
Searching for dia files...
Searching for files to exclude
Searching for files to process...
Searching for files in directory /home/travis/build/zwimer/DrShadowStack/src
Reading and parsing tag files
Parsing files
Reading /home/travis/build/zwimer/DrShadowStack/README.md...
Preprocessing /home/travis/build/zwimer/DrShadowStack/src/constants.hpp...
Parsing file /home/travis/build/zwimer/DrShadowStack/src/constants.hpp...
Preprocessing /home/travis/build/zwimer/DrShadowStack/src/dr_external_ss_events.cpp...
Parsing file /home/travis/build/zwimer/DrShadowStack/src/dr_external_ss_events.cpp...
Preprocessing /home/travis/build/zwimer/DrShadowStack/src/dr_external_ss_events.hpp...
Parsing file /home/travis/build/zwimer/DrShadowStack/src/dr_external_ss_events.hpp...
Preprocessing /home/travis/build/zwimer/DrShadowStack/src/dr_internal_ss_events.cpp...
Parsing file /home/travis/build/zwimer/DrShadowStack/src/dr_internal_ss_events.cpp...
Preprocessing /home/travis/build/zwimer/DrShadowStack/src/dr_internal_ss_events.hpp...
Parsing file /home/travis/build/zwimer/DrShadowStack/src/dr_internal_ss_events.hpp...
Preprocessing /home/travis/build/zwimer/DrShadowStack/src/dr_print_sym.cpp...
Parsing file /home/travis/build/zwimer/DrShadowStack/src/dr_print_sym.cpp...
Preprocessing /home/travis/build/zwimer/DrShadowStack/src/dr_print_sym.hpp...
Parsing file /home/travis/build/zwimer/DrShadowStack/src/dr_print_sym.hpp...
Preprocessing /home/travis/build/zwimer/DrShadowStack/src/dr_shadow_stack_client.cpp...
Parsing file /home/travis/build/zwimer/DrShadowStack/src/dr_shadow_stack_client.cpp...
Preprocessing /home/travis/build/zwimer/DrShadowStack/src/dr_shadow_stack_client.hpp...
Parsing file /home/travis/build/zwimer/DrShadowStack/src/dr_shadow_stack_client.hpp...
Preprocessing /home/travis/build/zwimer/DrShadowStack/src/external_stack_server.cpp...
Parsing file /home/travis/build/zwimer/DrShadowStack/src/external_stack_server.cpp...
Preprocessing /home/travis/build/zwimer/DrShadowStack/src/external_stack_server.hpp...
Parsing file /home/travis/build/zwimer/DrShadowStack/src/external_stack_server.hpp...
Preprocessing /home/travis/build/zwimer/DrShadowStack/src/group.cpp...
Parsing file /home/travis/build/zwimer/DrShadowStack/src/group.cpp...
Preprocessing /home/travis/build/zwimer/DrShadowStack/src/group.hpp...
Parsing file /home/travis/build/zwimer/DrShadowStack/src/group.hpp...
Preprocessing /home/travis/build/zwimer/DrShadowStack/src/message.cpp...
Parsing file /home/travis/build/zwimer/DrShadowStack/src/message.cpp...
Preprocessing /home/travis/build/zwimer/DrShadowStack/src/message.hpp...
Parsing file /home/travis/build/zwimer/DrShadowStack/src/message.hpp...
Preprocessing /home/travis/build/zwimer/DrShadowStack/src/parse_args.cpp...
Parsing file /home/travis/build/zwimer/DrShadowStack/src/parse_args.cpp...
Preprocessing /home/travis/build/zwimer/DrShadowStack/src/parse_args.hpp...
Parsing file /home/travis/build/zwimer/DrShadowStack/src/parse_args.hpp...
Preprocessing /home/travis/build/zwimer/DrShadowStack/src/quick_socket.cpp...
Parsing file /home/travis/build/zwimer/DrShadowStack/src/quick_socket.cpp...
Preprocessing /home/travis/build/zwimer/DrShadowStack/src/quick_socket.hpp...
Parsing file /home/travis/build/zwimer/DrShadowStack/src/quick_socket.hpp...
Preprocessing /home/travis/build/zwimer/DrShadowStack/src/shadow_stack.cpp...
Parsing file /home/travis/build/zwimer/DrShadowStack/src/shadow_stack.cpp...
Preprocessing /home/travis/build/zwimer/DrShadowStack/src/ss_mode.cpp...
Parsing file /home/travis/build/zwimer/DrShadowStack/src/ss_mode.cpp...
Preprocessing /home/travis/build/zwimer/DrShadowStack/src/ss_mode.hpp...
Parsing file /home/travis/build/zwimer/DrShadowStack/src/ss_mode.hpp...
Preprocessing /home/travis/build/zwimer/DrShadowStack/src/temp_name.cpp...
Parsing file /home/travis/build/zwimer/DrShadowStack/src/temp_name.cpp...
Preprocessing /home/travis/build/zwimer/DrShadowStack/src/temp_name.hpp...
Parsing file /home/travis/build/zwimer/DrShadowStack/src/temp_name.hpp...
Preprocessing /home/travis/build/zwimer/DrShadowStack/src/utilities.cpp...
Parsing file /home/travis/build/zwimer/DrShadowStack/src/utilities.cpp...
Preprocessing /home/travis/build/zwimer/DrShadowStack/src/utilities.hpp...
Parsing file /home/travis/build/zwimer/DrShadowStack/src/utilities.hpp...
Building group list...
Building directory list...
Building namespace list...
Building file list...
Building class list...
Associating documentation with classes...
Computing nesting relations for classes...
Building example list...
Searching for enumerations...
Searching for documented typedefs...
Searching for members imported via using declarations...
Searching for included using directives...
Searching for documented variables...
Building interface member list...
Building member list...
Searching for friends...
Searching for documented defines...
Computing class inheritance relations...
Computing class usage relations...
Flushing cached template relations that have become invalid...
Creating members for template instances...
Computing class relations...
Add enum values to enums...
Searching for member function documentation...
Building page list...
Search for main page...
Computing page relations...
Determining the scope of groups...
Sorting lists...
Freeing entry tree
Determining which enums are documented
Computing member relations...
Building full member lists recursively...
Adding members to member groups.
Computing member references...
Inheriting documentation...
Generating disk names...
Adding source references...
Adding xrefitems...
Sorting member lists...
Computing dependencies between directories...
Generating citations page...
Counting data structures...
Resolving user defined references...
Finding anchors and sections in the documentation...
Transferring function references...
Combining using relations...
Adding members to index pages...
Generating style sheet...
Generating search indices...
Generating example documentation...
Generating file sources...
Generating code for file src/constants.hpp...
Generating code for file src/dr_external_ss_events.hpp...
Generating code for file src/dr_internal_ss_events.hpp...
Generating code for file src/dr_print_sym.hpp...
Generating code for file src/dr_shadow_stack_client.hpp...
Generating code for file src/external_stack_server.hpp...
Generating code for file src/group.hpp...
Generating code for file src/message.hpp...
Generating code for file src/parse_args.hpp...
Generating code for file src/quick_socket.hpp...
Generating code for file src/ss_mode.hpp...
Generating code for file src/temp_name.hpp...
Generating code for file src/utilities.hpp...
Generating file documentation...
Generating docs for file README.md...
Generating docs for file src/constants.hpp...
Generating docs for file src/dr_external_ss_events.cpp...
Generating docs for file src/dr_external_ss_events.hpp...
Generating docs for file src/dr_internal_ss_events.cpp...
Generating docs for file src/dr_internal_ss_events.hpp...
Generating docs for file src/dr_print_sym.cpp...
Generating docs for file src/dr_print_sym.hpp...
Generating docs for file src/dr_shadow_stack_client.cpp...
Generating docs for file src/dr_shadow_stack_client.hpp...
Generating docs for file src/external_stack_server.cpp...
Generating docs for file src/external_stack_server.hpp...
Generating docs for file src/group.cpp...
Generating docs for file src/group.hpp...
Generating docs for file src/message.cpp...
Generating docs for file src/message.hpp...
Generating docs for file src/parse_args.cpp...
Generating docs for file src/parse_args.hpp...
Generating docs for file src/quick_socket.cpp...
Generating docs for file src/quick_socket.hpp...
Generating docs for file src/shadow_stack.cpp...
Generating docs for file src/ss_mode.cpp...
Generating docs for file src/ss_mode.hpp...
Generating docs for file src/temp_name.cpp...
Generating docs for file src/temp_name.hpp...
Generating docs for file src/utilities.cpp...
Generating docs for file src/utilities.hpp...
Generating page documentation...
Generating group documentation...
Generating class documentation...
Generating docs for compound Args...
Generating docs for compound Group...
Generating docs for compound Message...
Generating docs for nested compound Message::CallInfo...
Generating docs for nested compound Message::ContinueInfo...
Generating docs for nested compound Message::ExecveInfo...
Generating docs for nested compound Message::ForkInfo...
Generating docs for nested compound Message::Msg...
Generating docs for nested compound Message::Msg::MessageType...
Generating docs for nested compound Message::Msg::MessageType< false, Info >...
Generating docs for nested compound Message::Msg::MessageType< true, Info >...
Generating docs for nested compound Message::NewSignalInfo...
Generating docs for nested compound Message::RetInfo...
Generating docs for nested compound Message::ThreadInfo...
Generating docs for compound SSHandlers...
Generating docs for compound SSMode...
Generating docs for compound Sym...
Generating docs for compound TerminateOnDestruction...
Generating docs for compound TLS...
Generating docs for compound Utilities...
Generating namespace index...
Generating docs for namespace ExternalSS
Generating docs for namespace InternalSS
Generating docs for namespace QS
Generating graph info page...
Generating directory documentation...
Generating index page...
Generating page index...
Generating module index...
Generating namespace index...
Generating namespace member index...
Generating annotated compound index...
Generating alphabetical compound index...
Generating hierarchical class index...
Generating member index...
Generating file index...
Generating file member index...
Generating example index...
finalizing index lists...
lookup cache used 414/65536 hits=1499 misses=490
finished...
